app/build/outputs/logs/manifest-merger-release-report.txt
-- Merging decision tree log ---
manifest
ADDED from src\main\AndroidManifest.xml:2:1-209:12
	package
		ADDED from src\main\AndroidManifest.xml:3:5-48
		INJECTED from src\main\AndroidManifest.xml
		INJECTED from src\main\AndroidManifest.xml
	android:versionName
		INJECTED from src\main\AndroidManifest.xml
		INJECTED from src\main\AndroidManifest.xml
	xmlns:android
		ADDED from src\main\AndroidManifest.xml:2:11-69
	android:versionCode
		INJECTED from src\main\AndroidManifest.xml
		INJECTED from src\main\AndroidManifest.xml
permission#kz.itsolutions.businformatordraft.permission.MAPS_RECEIVE
ADDED from src\main\AndroidManifest.xml:5:5-7:47
	android:protectionLevel
		ADDED from src\main\AndroidManifest.xml:7:9-44
	android:name
		ADDED from src\main\AndroidManifest.xml:6:9-81
uses-feature#0x00020000
ADDED from src\main\AndroidManifest.xml:9:5-11:35
	android:glEsVersion
		ADDED from src\main\AndroidManifest.xml:10:9-41
	android:required
		ADDED from src\main\AndroidManifest.xml:11:9-32
uses-permission#android.permission.INTERNET
ADDED from src\main\AndroidManifest.xml:13:5-67
	android:name
		ADDED from src\main\AndroidManifest.xml:13:22-64
uses-permission#android.permission.ACCESS_COARSE_LOCATION
ADDED from src\main\AndroidManifest.xml:14:5-81
	android:name
		ADDED from src\main\AndroidManifest.xml:14:22-78
uses-permission#android.permission.ACCESS_FINE_LOCATION
ADDED from src\main\AndroidManifest.xml:15:5-79
	android:name
		ADDED from src\main\AndroidManifest.xml:15:22-76
uses-permission#android.permission.WRITE_EXTERNAL_STORAGE
ADDED from src\main\AndroidManifest.xml:16:5-81
	android:name
		ADDED from src\main\AndroidManifest.xml:16:22-78
uses-permission#android.permission.ACCESS_NETWORK_STATE
ADDED from src\main\AndroidManifest.xml:17:5-79
	android:name
		ADDED from src\main\AndroidManifest.xml:17:22-76
uses-permission#android.permission.ACCESS_WIFI_STATE
ADDED from src\main\AndroidManifest.xml:18:5-76
	android:name
		ADDED from src\main\AndroidManifest.xml:18:22-73
uses-permission#android.permission.CHANGE_WIFI_STATE
ADDED from src\main\AndroidManifest.xml:19:5-76
	android:name
		ADDED from src\main\AndroidManifest.xml:19:22-73
uses-permission#android.permission.WRITE_SETTINGS
ADDED from src\main\AndroidManifest.xml:20:5-73
	android:name
		ADDED from src\main\AndroidManifest.xml:20:22-70
uses-permission#com.google.android.providers.gsf.permission.READ_GSERVICES
ADDED from src\main\AndroidManifest.xml:21:5-98
	android:name
		ADDED from src\main\AndroidManifest.xml:21:22-95
uses-permission#kz.itsolutions.businformatordraft.permission.MAPS_RECEIVE
ADDED from src\main\AndroidManifest.xml:22:5-97
	android:name
		ADDED from src\main\AndroidManifest.xml:22:22-94
uses-permission#android.permission.CAMERA
ADDED from src\main\AndroidManifest.xml:24:5-65
	android:name
		ADDED from src\main\AndroidManifest.xml:24:22-62
uses-permission#android.permission.WAKE_LOCK
ADDED from src\main\AndroidManifest.xml:25:5-68
	android:name
		ADDED from src\main\AndroidManifest.xml:25:22-65
uses-permission#android.permission.VIBRATE
ADDED from src\main\AndroidManifest.xml:28:5-66
	android:name
		ADDED from src\main\AndroidManifest.xml:28:22-63
uses-permission#android.permission.GET_ACCOUNTS
ADDED from src\main\AndroidManifest.xml:29:5-71
	android:name
		ADDED from src\main\AndroidManifest.xml:29:22-68
uses-permission#com.google.android.c2dm.permission.RECEIVE
ADDED from src\main\AndroidManifest.xml:30:5-82
	android:name
		ADDED from src\main\AndroidManifest.xml:30:22-79
permission#kz.itsolutions.businformatordraft.permission.C2D_MESSAGE
ADDED from src\main\AndroidManifest.xml:35:5-37:47
	android:protectionLevel
		ADDED from src\main\AndroidManifest.xml:37:9-44
	android:name
		ADDED from src\main\AndroidManifest.xml:36:9-80
uses-permission#kz.itsolutions.businformatordraft.permission.C2D_MESSAGE
ADDED from src\main\AndroidManifest.xml:38:5-96
	android:name
		ADDED from src\main\AndroidManifest.xml:38:22-93
application
ADDED from src\main\AndroidManifest.xml:40:5-208:19
MERGED from [com.actionbarsherlock:actionbarsherlock:4.4.0] AndroidManifest.xml:4:3-17
MERGED from [com.google.android.gms:play-services:6.5.87] AndroidManifest.xml:20:5-24:19
MERGED from [com.android.support:support-v4:22.1.1] AndroidManifest.xml:22:5-20
MERGED from [com.android.support:support-v4:22.1.1] AndroidManifest.xml:22:5-20
	android:label
		ADDED from src\main\AndroidManifest.xml:43:9-28
	android:icon
		ADDED from src\main\AndroidManifest.xml:42:9-43
	android:theme
		ADDED from src\main\AndroidManifest.xml:44:9-40
	android:name
		ADDED from src\main\AndroidManifest.xml:41:9-45
activity#kz.itsolutions.businformatordraft.activities.SplashActivity
ADDED from src\main\AndroidManifest.xml:46:9-55:20
	android:screenOrientation
		ADDED from src\main\AndroidManifest.xml:49:13-49
	android:label
		ADDED from src\main\AndroidManifest.xml:48:13-45
	android:theme
		ADDED from src\main\AndroidManifest.xml:50:13-68
	android:name
		ADDED from src\main\AndroidManifest.xml:47:13-54
intent-filter#android.intent.action.MAIN+android.intent.category.LAUNCHER
ADDED from src\main\AndroidManifest.xml:51:13-54:29
action#android.intent.action.MAIN
ADDED from src\main\AndroidManifest.xml:52:17-69
	android:name
		ADDED from src\main\AndroidManifest.xml:52:25-66
category#android.intent.category.LAUNCHER
ADDED from src\main\AndroidManifest.xml:53:17-77
	android:name
		ADDED from src\main\AndroidManifest.xml:53:27-74
activity#kz.itsolutions.businformatordraft.activities.MapGoogleActivity
ADDED from src\main\AndroidManifest.xml:57:9-61:55
	android:screenOrientation
		ADDED from src\main\AndroidManifest.xml:59:13-49
	android:windowSoftInputMode
		ADDED from src\main\AndroidManifest.xml:61:13-52
	android:theme
		ADDED from src\main\AndroidManifest.xml:60:13-44
	android:name
		ADDED from src\main\AndroidManifest.xml:58:13-57
activity#kz.itsolutions.businformatordraft.activities.MapOsmActivity
ADDED from src\main\AndroidManifest.xml:63:9-68:55
	android:screenOrientation
		ADDED from src\main\AndroidManifest.xml:66:13-49
	android:windowSoftInputMode
		ADDED from src\main\AndroidManifest.xml:68:13-52
	android:configChanges
		ADDED from src\main\AndroidManifest.xml:65:13-59
	android:theme
		ADDED from src\main\AndroidManifest.xml:67:13-44
	android:name
		ADDED from src\main\AndroidManifest.xml:64:13-54
activity#kz.itsolutions.businformatordraft.activities.ForecastActivity
ADDED from src\main\AndroidManifest.xml:70:9-74:47
	android:screenOrientation
		ADDED from src\main\AndroidManifest.xml:73:13-49
	android:configChanges
		ADDED from src\main\AndroidManifest.xml:72:13-59
	android:theme
		ADDED from src\main\AndroidManifest.xml:74:13-44
	android:name
		ADDED from src\main\AndroidManifest.xml:71:13-56
activity#kz.itsolutions.businformatordraft.activities.TrainingActivity
ADDED from src\main\AndroidManifest.xml:76:9-82:20
	android:screenOrientation
		ADDED from src\main\AndroidManifest.xml:79:13-49
	android:configChanges
		ADDED from src\main\AndroidManifest.xml:78:13-59
	android:theme
		ADDED from src\main\AndroidManifest.xml:80:13-68
	android:name
		ADDED from src\main\AndroidManifest.xml:77:13-56
activity#kz.itsolutions.businformatordraft.activities.AugmentedRealityActivity
ADDED from src\main\AndroidManifest.xml:84:9-87:56
	android:screenOrientation
		ADDED from src\main\AndroidManifest.xml:86:13-49
	android:theme
		ADDED from src\main\AndroidManifest.xml:87:13-44
	android:name
		ADDED from src\main\AndroidManifest.xml:85:13-64
activity#kz.itsolutions.businformatordraft.activities.WidgetConfigActivity
ADDED from src\main\AndroidManifest.xml:89:9-95:20
	android:theme
		ADDED from src\main\AndroidManifest.xml:91:13-44
	android:name
		ADDED from src\main\AndroidManifest.xml:90:13-60
intent-filter#android.appwidget.action.APPWIDGET_CONFIGURE
ADDED from src\main\AndroidManifest.xml:92:13-94:29
action#android.appwidget.action.APPWIDGET_CONFIGURE
ADDED from src\main\AndroidManifest.xml:93:17-94
	android:name
		ADDED from src\main\AndroidManifest.xml:93:25-84
activity#kz.itsolutions.businformatordraft.activities.AboutAppActivity
ADDED from src\main\AndroidManifest.xml:97:9-99:52
	android:screenOrientation
		ADDED from src\main\AndroidManifest.xml:99:13-49
	android:name
		ADDED from src\main\AndroidManifest.xml:98:13-56
activity#kz.itsolutions.businformatordraft.activities.RoutesActivity
ADDED from src\main\AndroidManifest.xml:101:9-103:52
	android:screenOrientation
		ADDED from src\main\AndroidManifest.xml:103:13-49
	android:name
		ADDED from src\main\AndroidManifest.xml:102:13-54
activity#kz.itsolutions.businformatordraft.activities.EditRouteActivity
ADDED from src\main\AndroidManifest.xml:105:9-107:52
	android:screenOrientation
		ADDED from src\main\AndroidManifest.xml:107:13-49
	android:name
		ADDED from src\main\AndroidManifest.xml:106:13-57
activity#kz.itsolutions.businformatordraft.activities.PrefsActivity
ADDED from src\main\AndroidManifest.xml:109:9-112:52
	android:screenOrientation
		ADDED from src\main\AndroidManifest.xml:112:13-49
	android:label
		ADDED from src\main\AndroidManifest.xml:111:13-45
	android:name
		ADDED from src\main\AndroidManifest.xml:110:13-53
activity#kz.itsolutions.businformatordraft.activities.ComplaintActivity
ADDED from src\main\AndroidManifest.xml:114:9-117:57
	android:screenOrientation
		ADDED from src\main\AndroidManifest.xml:116:13-49
	android:windowSoftInputMode
		ADDED from src\main\AndroidManifest.xml:117:13-54
	android:name
		ADDED from src\main\AndroidManifest.xml:115:13-57
activity#kz.itsolutions.businformatordraft.activities.FeedbackActivity
ADDED from src\main\AndroidManifest.xml:119:9-122:58
	android:screenOrientation
		ADDED from src\main\AndroidManifest.xml:121:13-49
	android:windowSoftInputMode
		ADDED from src\main\AndroidManifest.xml:122:13-55
	android:name
		ADDED from src\main\AndroidManifest.xml:120:13-56
activity#com.google.android.gms.ads.AdActivity
ADDED from src\main\AndroidManifest.xml:125:9-129:64
	android:screenOrientation
		ADDED from src\main\AndroidManifest.xml:128:13-49
	android:configChanges
		ADDED from src\main\AndroidManifest.xml:127:13-122
	android:theme
		ADDED from src\main\AndroidManifest.xml:129:13-61
	android:name
		ADDED from src\main\AndroidManifest.xml:126:13-65
meta-data#com.google.android.maps.v2.API_KEY
ADDED from src\main\AndroidManifest.xml:131:9-133:70
	android:value
		ADDED from src\main\AndroidManifest.xml:133:13-68
	android:name
		ADDED from src\main\AndroidManifest.xml:132:13-62
meta-data#com.google.android.gms.version
ADDED from src\main\AndroidManifest.xml:145:9-147:69
MERGED from [com.google.android.gms:play-services:6.5.87] AndroidManifest.xml:21:9-23:69
	android:value
		ADDED from src\main\AndroidManifest.xml:147:13-66
	android:name
		ADDED from src\main\AndroidManifest.xml:146:13-58
receiver#kz.itsolutions.businformatordraft.widgets.SingleWidget
ADDED from src\main\AndroidManifest.xml:154:9-167:20
	android:label
		ADDED from src\main\AndroidManifest.xml:158:13-45
	android:exported
		ADDED from src\main\AndroidManifest.xml:156:13-36
	android:permission
		ADDED from src\main\AndroidManifest.xml:159:13-69
	android:icon
		ADDED from src\main\AndroidManifest.xml:157:13-49
	android:name
		ADDED from src\main\AndroidManifest.xml:155:13-49
intent-filter#android.appwidget.action.APPWIDGET_UPDATE+kz.itsolutions.businformatordraft.WIDGET_BUTTON
ADDED from src\main\AndroidManifest.xml:160:13-163:29
action#android.appwidget.action.APPWIDGET_UPDATE
ADDED from src\main\AndroidManifest.xml:161:17-91
	android:name
		ADDED from src\main\AndroidManifest.xml:161:25-81
action#kz.itsolutions.businformatordraft.WIDGET_BUTTON
ADDED from src\main\AndroidManifest.xml:162:17-97
	android:name
		ADDED from src\main\AndroidManifest.xml:162:25-87
meta-data#android.appwidget.provider
ADDED from src\main\AndroidManifest.xml:164:13-166:69
	android:resource
		ADDED from src\main\AndroidManifest.xml:166:17-56
	android:name
		ADDED from src\main\AndroidManifest.xml:165:17-58
service#kz.itsolutions.businformatordraft.widgets.MyService
ADDED from src\main\AndroidManifest.xml:169:9-171:80
	android:permission
		ADDED from src\main\AndroidManifest.xml:171:13-69
	android:name
		ADDED from src\main\AndroidManifest.xml:170:13-46
receiver#kz.itsolutions.businformatordraft.widgets.MyProvider
ADDED from src\main\AndroidManifest.xml:172:9-179:20
	android:name
		ADDED from src\main\AndroidManifest.xml:172:19-53
intent-filter#android.appwidget.action.APPWIDGET_UPDATE
ADDED from src\main\AndroidManifest.xml:173:13-175:29
service#com.parse.PushService
ADDED from src\main\AndroidManifest.xml:182:9-57
	android:name
		ADDED from src\main\AndroidManifest.xml:182:18-54
receiver#com.parse.ParseBroadcastReceiver
ADDED from src\main\AndroidManifest.xml:184:9-189:20
	android:name
		ADDED from src\main\AndroidManifest.xml:184:19-66
intent-filter#android.intent.action.BOOT_COMPLETED+android.intent.action.USER_PRESENT
ADDED from src\main\AndroidManifest.xml:185:13-188:29
action#android.intent.action.BOOT_COMPLETED
ADDED from src\main\AndroidManifest.xml:186:17-79
	android:name
		ADDED from src\main\AndroidManifest.xml:186:25-76
action#android.intent.action.USER_PRESENT
ADDED from src\main\AndroidManifest.xml:187:17-77
	android:name
		ADDED from src\main\AndroidManifest.xml:187:25-74
receiver#com.parse.GcmBroadcastReceiver
ADDED from src\main\AndroidManifest.xml:190:9-202:20
	android:permission
		ADDED from src\main\AndroidManifest.xml:192:13-73
	android:name
		ADDED from src\main\AndroidManifest.xml:191:13-58
intent-filter#com.google.android.c2dm.intent.RECEIVE+com.google.android.c2dm.intent.REGISTRATION+kz.itsolutions.businformatordraft
ADDED from src\main\AndroidManifest.xml:193:13-201:29
action#com.google.android.c2dm.intent.RECEIVE
ADDED from src\main\AndroidManifest.xml:194:17-81
	android:name
		ADDED from src\main\AndroidManifest.xml:194:25-78
action#com.google.android.c2dm.intent.REGISTRATION
ADDED from src\main\AndroidManifest.xml:195:17-86
	android:name
		ADDED from src\main\AndroidManifest.xml:195:25-83
category#kz.itsolutions.businformatordraft
ADDED from src\main\AndroidManifest.xml:200:17-78
	android:name
		ADDED from src\main\AndroidManifest.xml:200:27-75
meta-data#com.parse.push.notification_icon
ADDED from src\main\AndroidManifest.xml:205:9-207:56
	android:resource
		ADDED from src\main\AndroidManifest.xml:207:13-53
	android:name
		ADDED from src\main\AndroidManifest.xml:206:13-60
uses-sdk
INJECTED from src\main\AndroidManifest.xml reason: use-sdk injection requested
MERGED from [com.actionbarsherlock:actionbarsherlock:4.4.0] AndroidManifest.xml:3:3-70
MERGED from [com.viewpagerindicator:library:2.4.1] AndroidManifest.xml:3:5-42
MERGED from [com.google.android.gms:play-services:6.5.87] AndroidManifest.xml:18:5-42
MERGED from [com.android.support:support-v4:22.1.1] AndroidManifest.xml:20:5-43
MERGED from [com.android.support:support-v4:22.1.1] AndroidManifest.xml:20:5-43
	android:targetSdkVersion
		INJECTED from src\main\AndroidManifest.xml
		INJECTED from src\main\AndroidManifest.xml
	android:minSdkVersion
		INJECTED from src\main\AndroidManifest.xml
		INJECTED from src\main\AndroidManifest.xml